<?xml version="1.0" encoding="UTF-8"?>
<testsuite xmlns:xsi="http://www.w3.org/2001/XMLSchema-instance" xsi:noNamespaceSchemaLocation="https://maven.apache.org/surefire/maven-surefire-plugin/xsd/surefire-test-report.xsd" name="CodeExecutorImplTest" time="0.028" tests="1" errors="0" skipped="0" failures="0">
  <properties>
    <property name="java.specification.version" value="17"/>
    <property name="sun.jnu.encoding" value="UTF-8"/>
    <property name="java.class.path" value="/home/embi/Documents/Projects/CPJudge/code-executor/target/test-classes:/home/embi/Documents/Projects/CPJudge/code-executor/target/classes:/home/embi/.m2/repository/junit/junit/4.11/junit-4.11.jar:/home/embi/.m2/repository/org/hamcrest/hamcrest-core/1.3/hamcrest-core-1.3.jar:/home/embi/Documents/Projects/CPJudge/code-pojo/target/code-pojo-1.0-SNAPSHOT.jar:/home/embi/.m2/repository/org/springframework/spring-webmvc/5.3.0/spring-webmvc-5.3.0.jar:/home/embi/.m2/repository/org/springframework/spring-aop/5.3.0/spring-aop-5.3.0.jar:/home/embi/.m2/repository/org/springframework/spring-beans/5.3.0/spring-beans-5.3.0.jar:/home/embi/.m2/repository/org/springframework/spring-context/5.3.0/spring-context-5.3.0.jar:/home/embi/.m2/repository/org/springframework/spring-core/5.3.0/spring-core-5.3.0.jar:/home/embi/.m2/repository/org/springframework/spring-jcl/5.3.0/spring-jcl-5.3.0.jar:/home/embi/.m2/repository/org/springframework/spring-expression/5.3.0/spring-expression-5.3.0.jar:/home/embi/.m2/repository/org/springframework/spring-web/5.3.0/spring-web-5.3.0.jar:/home/embi/.m2/repository/com/fasterxml/jackson/core/jackson-databind/2.14.2/jackson-databind-2.14.2.jar:/home/embi/.m2/repository/com/fasterxml/jackson/core/jackson-annotations/2.14.2/jackson-annotations-2.14.2.jar:/home/embi/.m2/repository/com/fasterxml/jackson/core/jackson-core/2.14.2/jackson-core-2.14.2.jar:"/>
    <property name="java.vm.vendor" value="Amazon.com Inc."/>
    <property name="sun.arch.data.model" value="64"/>
    <property name="java.vendor.url" value="https://aws.amazon.com/corretto/"/>
    <property name="os.name" value="Linux"/>
    <property name="java.vm.specification.version" value="17"/>
    <property name="sun.java.launcher" value="SUN_STANDARD"/>
    <property name="user.country" value="IN"/>
    <property name="sun.boot.library.path" value="/home/embi/.jdks/corretto-17.0.9/lib"/>
    <property name="sun.java.command" value="/home/embi/Documents/Projects/CPJudge/code-executor/target/surefire/surefirebooter13433597299667043190.jar /home/embi/Documents/Projects/CPJudge/code-executor/target/surefire 2023-11-18T08-53-22_447-jvmRun1 surefire1143712397566290906tmp surefire_110972961327563077595tmp"/>
    <property name="jdk.debug" value="release"/>
    <property name="surefire.test.class.path" value="/home/embi/Documents/Projects/CPJudge/code-executor/target/test-classes:/home/embi/Documents/Projects/CPJudge/code-executor/target/classes:/home/embi/.m2/repository/junit/junit/4.11/junit-4.11.jar:/home/embi/.m2/repository/org/hamcrest/hamcrest-core/1.3/hamcrest-core-1.3.jar:/home/embi/Documents/Projects/CPJudge/code-pojo/target/code-pojo-1.0-SNAPSHOT.jar:/home/embi/.m2/repository/org/springframework/spring-webmvc/5.3.0/spring-webmvc-5.3.0.jar:/home/embi/.m2/repository/org/springframework/spring-aop/5.3.0/spring-aop-5.3.0.jar:/home/embi/.m2/repository/org/springframework/spring-beans/5.3.0/spring-beans-5.3.0.jar:/home/embi/.m2/repository/org/springframework/spring-context/5.3.0/spring-context-5.3.0.jar:/home/embi/.m2/repository/org/springframework/spring-core/5.3.0/spring-core-5.3.0.jar:/home/embi/.m2/repository/org/springframework/spring-jcl/5.3.0/spring-jcl-5.3.0.jar:/home/embi/.m2/repository/org/springframework/spring-expression/5.3.0/spring-expression-5.3.0.jar:/home/embi/.m2/repository/org/springframework/spring-web/5.3.0/spring-web-5.3.0.jar:/home/embi/.m2/repository/com/fasterxml/jackson/core/jackson-databind/2.14.2/jackson-databind-2.14.2.jar:/home/embi/.m2/repository/com/fasterxml/jackson/core/jackson-annotations/2.14.2/jackson-annotations-2.14.2.jar:/home/embi/.m2/repository/com/fasterxml/jackson/core/jackson-core/2.14.2/jackson-core-2.14.2.jar:"/>
    <property name="sun.cpu.endian" value="little"/>
    <property name="user.home" value="/home/embi"/>
    <property name="user.language" value="en"/>
    <property name="java.specification.vendor" value="Oracle Corporation"/>
    <property name="java.version.date" value="2023-10-17"/>
    <property name="java.home" value="/home/embi/.jdks/corretto-17.0.9"/>
    <property name="file.separator" value="/"/>
    <property name="basedir" value="/home/embi/Documents/Projects/CPJudge/code-executor"/>
    <property name="java.vm.compressedOopsMode" value="32-bit"/>
    <property name="line.separator" value="&#10;"/>
    <property name="java.vm.specification.vendor" value="Oracle Corporation"/>
    <property name="java.specification.name" value="Java Platform API Specification"/>
    <property name="surefire.real.class.path" value="/home/embi/Documents/Projects/CPJudge/code-executor/target/surefire/surefirebooter13433597299667043190.jar"/>
    <property name="sun.management.compiler" value="HotSpot 64-Bit Tiered Compilers"/>
    <property name="java.runtime.version" value="17.0.9+8-LTS"/>
    <property name="user.name" value="embi"/>
    <property name="path.separator" value=":"/>
    <property name="os.version" value="6.2.0-36-generic"/>
    <property name="java.runtime.name" value="OpenJDK Runtime Environment"/>
    <property name="file.encoding" value="UTF-8"/>
    <property name="java.vm.name" value="OpenJDK 64-Bit Server VM"/>
    <property name="java.vendor.version" value="Corretto-17.0.9.8.1"/>
    <property name="localRepository" value="/home/embi/.m2/repository"/>
    <property name="java.vendor.url.bug" value="https://github.com/corretto/corretto-17/issues/"/>
    <property name="java.io.tmpdir" value="/tmp"/>
    <property name="java.version" value="17.0.9"/>
    <property name="user.dir" value="/home/embi/Documents/Projects/CPJudge/code-executor"/>
    <property name="os.arch" value="amd64"/>
    <property name="java.vm.specification.name" value="Java Virtual Machine Specification"/>
    <property name="native.encoding" value="UTF-8"/>
    <property name="java.library.path" value="/usr/java/packages/lib:/usr/lib64:/lib64:/lib:/usr/lib"/>
    <property name="java.vm.info" value="mixed mode, sharing"/>
    <property name="java.vendor" value="Amazon.com Inc."/>
    <property name="java.vm.version" value="17.0.9+8-LTS"/>
    <property name="sun.io.unicode.encoding" value="UnicodeLittle"/>
    <property name="java.class.version" value="61.0"/>
  </properties>
  <testcase name="testFetchResult" classname="CodeExecutorImplTest" time="0.001"/>
</testsuite>